This file contains any messages produced by compilers while
running configure, to aid debugging if configure makes a mistake.

It was created by configure, which was
generated by GNU Autoconf 2.68.  Invocation command line was

  $ ./configure --enable-symbols

## --------- ##
## Platform. ##
## --------- ##

hostname = xen
uname -m = x86_64
uname -r = 2.6.32-220.23.1.el6.x86_64
uname -s = Linux
uname -v = #1 SMP Mon Jun 18 09:58:09 CDT 2012

/usr/bin/uname -p = unknown
/bin/uname -X     = unknown

/bin/arch              = x86_64
/usr/bin/arch -k       = unknown
/usr/convex/getsysinfo = unknown
/usr/bin/hostinfo      = unknown
/bin/machine           = unknown
/usr/bin/oslevel       = unknown
/bin/universe          = unknown

PATH: ./bin
PATH: /Home/xtelab/dhon/local/headev/astroh/etc
PATH: /Home/xtelab/dhon/local/headev/astroh/x86_64-unknown-linux-gnu-libc2.12/bin
PATH: /Home/xtelab/dhon/local/headev/x86_64-unknown-linux-gnu-libc2.12/bin
PATH: ./
PATH: /Home/xtelab/dhon/local/bin
PATH: /Home/xtelab/dhon/local/groovy/bin
PATH: /usr/local/bin
PATH: /usr/local/sbin
PATH: /usr/local/etc
PATH: /usr/local/libexec
PATH: /var/local/bin
PATH: /var/local/sbin
PATH: /var/local/etc
PATH: /var/local/libexec
PATH: /var/local/pgsql/bin
PATH: /var/local/apache2/bin
PATH: /usr/local/apache-maven-2.2.1/bin
PATH: /usr/local/raven-1.2.4-jruby-1.0.1/bin
PATH: /usr/local/groovy/bin
PATH: /usr/local/grails/bin
PATH: /usr/local/apache-ant/bin
PATH: /usr/local/cernroot/bin
PATH: /usr/X11R6/bin
PATH: /bin
PATH: /usr/bin
PATH: /sbin
PATH: /etc
PATH: /usr/sbin


## ----------- ##
## Core tests. ##
## ----------- ##

configure:1751: checking build system type
configure:1765: result: x86_64-unknown-linux-gnu
configure:1785: checking host system type
configure:1798: result: x86_64-unknown-linux-gnu
configure:1818: checking target system type
configure:1831: result: x86_64-unknown-linux-gnu
configure:1885: result: modified Linux system type is x86_64-unknown-linux-gnu-libc2.12
configure:2067: result: Found component heacore
configure:2071: result: Did not find component tcltk - skipping tcltk
configure:2071: result: Did not find component external - skipping external
configure:2067: result: Found component attitude
configure:2067: result: Found component heatools
configure:2071: result: Did not find component heagen - skipping heagen
configure:2067: result: Found component demo
configure:2071: result: Did not find component suzaku - skipping suzaku
configure:2071: result: Did not find component swift - skipping swift
configure:2071: result: Did not find component Xspec - skipping Xspec
configure:2071: result: Did not find component integral - skipping integral
configure:2071: result: Did not find component nustar - skipping nustar
configure:2067: result: Found component astroh
configure:2071: result: Did not find component xmm - skipping xmm
configure:2071: result: Did not find component glast - skipping glast
configure:2071: result: Did not find component ftools - skipping ftools
configure:2071: result: Did not find component GSSC - skipping GSSC
configure:2147: result: Component attitude requires heacore
configure:2147: result: Component heatools requires heacore
configure:2147: result: Component demo requires heacore
configure:2147: result: Component astroh requires heatools attitude
configure:2147: result: Component attitude requires heacore
configure:2147: result: Component heatools requires heacore
configure:2415: result: --------------------------------------------------------------------------------
configure:2423: result: --------------------------------------------------------------------------------
configure:2415: result: --------------------------------------------------------------------------------
configure:2423: result: --------------------------------------------------------------------------------
configure:2415: result: --------------------------------------------------------------------------------
configure:2423: result: --------------------------------------------------------------------------------
configure:2415: result: --------------------------------------------------------------------------------
configure:2423: result: --------------------------------------------------------------------------------
configure:2415: result: --------------------------------------------------------------------------------
configure:2423: result: --------------------------------------------------------------------------------
configure:2460: checking for perl
configure:2478: found /Home/xtelab/dhon/local/bin/perl
configure:2490: result: /Home/xtelab/dhon/local/bin/perl
configure:2670: creating ./config.status

## ---------------------- ##
## Running config.status. ##
## ---------------------- ##

This file was extended by config.status, which was
generated by GNU Autoconf 2.68.  Invocation command line was

  CONFIG_FILES    = 
  CONFIG_HEADERS  = 
  CONFIG_LINKS    = 
  CONFIG_COMMANDS = 
  $ ./config.status 

on xen

config.status:744: creating Makefile
config.status:744: creating headas-setup
config.status:744: creating fermi-setup

## ---------------- ##
## Cache variables. ##
## ---------------- ##

ac_cv_build=x86_64-unknown-linux-gnu
ac_cv_env_build_alias_set=
ac_cv_env_build_alias_value=
ac_cv_env_host_alias_set=
ac_cv_env_host_alias_value=
ac_cv_env_target_alias_set=
ac_cv_env_target_alias_value=
ac_cv_host=x86_64-unknown-linux-gnu
ac_cv_path_PERL=/Home/xtelab/dhon/local/bin/perl
ac_cv_target=x86_64-unknown-linux-gnu

## ----------------- ##
## Output variables. ##
## ----------------- ##

BSUF=''
DEFS='-DPACKAGE_NAME=\"\" -DPACKAGE_TARNAME=\"\" -DPACKAGE_VERSION=\"\" -DPACKAGE_STRING=\"\" -DPACKAGE_BUGREPORT=\"\" -DPACKAGE_URL=\"\"'
ECHO_C=''
ECHO_N='-n'
ECHO_T=''
EXT='lnx'
HD_BUILD_ARCH_32_BIT=''
HD_SELECTED='heacore attitude heatools demo astroh '
HD_SRC='/Home/xtelab/dhon/jul2012/AstroH_B01/headas'
LIBOBJS=''
LIBS=''
LTLIBOBJS=''
PACKAGE_BUGREPORT=''
PACKAGE_NAME=''
PACKAGE_STRING=''
PACKAGE_TARNAME=''
PACKAGE_URL=''
PACKAGE_VERSION=''
PATH_SEPARATOR=':'
PERL='/Home/xtelab/dhon/local/bin/perl'
SHELL='/bin/sh'
UNAME_SYSTEM='Linux'
bindir='${exec_prefix}/bin'
build='x86_64-unknown-linux-gnu'
build_alias=''
build_cpu='x86_64'
build_os='linux-gnu'
build_vendor='unknown'
datadir='${datarootdir}'
datarootdir='${prefix}/share'
docdir='${datarootdir}/doc/${PACKAGE}'
dvidir='${docdir}'
exec_prefix='/Home/xtelab/dhon/jul2012/AstroH_B01/headas/x86_64-unknown-linux-gnu-libc2.12'
host='x86_64-unknown-linux-gnu-libc2.12'
host_alias=''
host_cpu='x86_64'
host_os='linux-gnu'
host_vendor='unknown'
htmldir='${docdir}'
includedir='${prefix}/include'
infodir='${datarootdir}/info'
libdir='${exec_prefix}/lib'
libexecdir='${exec_prefix}/libexec'
localedir='${datarootdir}/locale'
localstatedir='${prefix}/var'
mandir='${datarootdir}/man'
oldincludedir='/usr/include'
pdfdir='${docdir}'
prefix='/Home/xtelab/dhon/jul2012/AstroH_B01/headas'
program_transform_name='s,x,x,'
psdir='${docdir}'
sbindir='${exec_prefix}/sbin'
sharedstatedir='${prefix}/com'
sysconfdir='${prefix}/etc'
target='x86_64-unknown-linux-gnu'
target_alias=''
target_cpu='x86_64'
target_os='linux-gnu'
target_vendor='unknown'

## ----------- ##
## confdefs.h. ##
## ----------- ##

/* confdefs.h */
#define PACKAGE_NAME ""
#define PACKAGE_TARNAME ""
#define PACKAGE_VERSION ""
#define PACKAGE_STRING ""
#define PACKAGE_BUGREPORT ""
#define PACKAGE_URL ""

configure: exit 0
