This file contains any messages produced by compilers while
running configure, to aid debugging if configure makes a mistake.

It was created by WCSLIB configure 4.4.4, which was
generated by GNU Autoconf 2.61.  Invocation command line was

  $ ./configure --prefix=/Home/xtelab/dhon/jul2012/AstroH_B01/headas/heacore/x86_64-unknown-linux-gnu-libc2.12 --exec-prefix=/Home/xtelab/dhon/jul2012/AstroH_B01/headas/heacore/x86_64-unknown-linux-gnu-libc2.12 --disable-fortran --disable-utils --without-pgplot --without-cfitsio

## --------- ##
## Platform. ##
## --------- ##

hostname = xen
uname -m = x86_64
uname -r = 2.6.32-220.23.1.el6.x86_64
uname -s = Linux
uname -v = #1 SMP Mon Jun 18 09:58:09 CDT 2012

/usr/bin/uname -p = unknown
/bin/uname -X     = unknown

/bin/arch              = x86_64
/usr/bin/arch -k       = unknown
/usr/convex/getsysinfo = unknown
/usr/bin/hostinfo      = unknown
/bin/machine           = unknown
/usr/bin/oslevel       = unknown
/bin/universe          = unknown

PATH: ./bin
PATH: /Home/xtelab/dhon/local/headev/astroh/etc
PATH: /Home/xtelab/dhon/local/headev/astroh/x86_64-unknown-linux-gnu-libc2.12/bin
PATH: /Home/xtelab/dhon/local/headev/x86_64-unknown-linux-gnu-libc2.12/bin
PATH: ./
PATH: /Home/xtelab/dhon/local/bin
PATH: /Home/xtelab/dhon/local/groovy/bin
PATH: /usr/local/bin
PATH: /usr/local/sbin
PATH: /usr/local/etc
PATH: /usr/local/libexec
PATH: /var/local/bin
PATH: /var/local/sbin
PATH: /var/local/etc
PATH: /var/local/libexec
PATH: /var/local/pgsql/bin
PATH: /var/local/apache2/bin
PATH: /usr/local/apache-maven-2.2.1/bin
PATH: /usr/local/raven-1.2.4-jruby-1.0.1/bin
PATH: /usr/local/groovy/bin
PATH: /usr/local/grails/bin
PATH: /usr/local/apache-ant/bin
PATH: /usr/local/cernroot/bin
PATH: /usr/X11R6/bin
PATH: /bin
PATH: /usr/bin
PATH: /sbin
PATH: /etc
PATH: /usr/sbin


## ----------- ##
## Core tests. ##
## ----------- ##

configure:1794: checking build system type
configure:1812: result: x86_64-unknown-linux-gnu
configure:1841: checking for flex
configure:1857: found /usr/bin/flex
configure:1868: result: flex
configure:1885: Using Flex version 2.5.35.
configure:1947: checking for gcc
configure:1974: result: gcc
configure:2212: checking for C compiler version
configure:2219: gcc --version >&5
gcc (GCC) 4.4.6 20110731 (Red Hat 4.4.6-3)
Copyright (C) 2010 Free Software Foundation, Inc.
This is free software; see the source for copying conditions.  There is NO
warranty; not even for MERCHANTABILITY or FITNESS FOR A PARTICULAR PURPOSE.

configure:2222: $? = 0
configure:2229: gcc -v >&5
Using built-in specs.
Target: x86_64-redhat-linux
Configured with: ../configure --prefix=/usr --mandir=/usr/share/man --infodir=/usr/share/info --with-bugurl=http://bugzilla.redhat.com/bugzilla --enable-bootstrap --enable-shared --enable-threads=posix --enable-checking=release --with-system-zlib --enable-__cxa_atexit --disable-libunwind-exceptions --enable-gnu-unique-object --enable-languages=c,c++,objc,obj-c++,java,fortran,ada --enable-java-awt=gtk --disable-dssi --with-java-home=/usr/lib/jvm/java-1.5.0-gcj-1.5.0.0/jre --enable-libgcj-multifile --enable-java-maintainer-mode --with-ecj-jar=/usr/share/java/eclipse-ecj.jar --disable-libjava-multilib --with-ppl --with-cloog --with-tune=generic --with-arch_32=i686 --build=x86_64-redhat-linux
Thread model: posix
gcc version 4.4.6 20110731 (Red Hat 4.4.6-3) (GCC) 
configure:2232: $? = 0
configure:2239: gcc -V >&5
gcc: '-V' option must have argument
configure:2242: $? = 1
configure:2265: checking for C compiler default output file name
configure:2292: gcc    conftest.c  >&5
configure:2295: $? = 0
configure:2333: result: a.out
configure:2350: checking whether the C compiler works
configure:2360: ./a.out
configure:2363: $? = 0
configure:2380: result: yes
configure:2387: checking whether we are cross compiling
configure:2389: result: no
configure:2392: checking for suffix of executables
configure:2399: gcc -o conftest    conftest.c  >&5
configure:2402: $? = 0
configure:2426: result: 
configure:2432: checking for suffix of object files
configure:2458: gcc -c   conftest.c >&5
configure:2461: $? = 0
configure:2484: result: o
configure:2488: checking whether we are using the GNU C compiler
configure:2517: gcc -c   conftest.c >&5
configure:2523: $? = 0
configure:2540: result: yes
configure:2545: checking whether gcc accepts -g
configure:2575: gcc -c -g  conftest.c >&5
configure:2581: $? = 0
configure:2680: result: yes
configure:2697: checking for gcc option to accept ISO C89
configure:2771: gcc  -c -g -O2  conftest.c >&5
configure:2777: $? = 0
configure:2800: result: none needed
configure:2823: checking how to run the C preprocessor
configure:2863: gcc -E  conftest.c
configure:2869: $? = 0
configure:2900: gcc -E  conftest.c
conftest.c:9:28: error: ac_nonexistent.h: No such file or directory
configure:2906: $? = 1
configure: failed program was:
| /* confdefs.h.  */
| #define PACKAGE_NAME "WCSLIB"
| #define PACKAGE_TARNAME "wcslib-4.4.4"
| #define PACKAGE_VERSION "4.4.4"
| #define PACKAGE_STRING "WCSLIB 4.4.4"
| #define PACKAGE_BUGREPORT "mcalabre@atnf.csiro.au"
| #define WCSLIB_VERSION 4.4.4
| /* end confdefs.h.  */
| #include <ac_nonexistent.h>
configure:2939: result: gcc -E
configure:2968: gcc -E  conftest.c
configure:2974: $? = 0
configure:3005: gcc -E  conftest.c
conftest.c:9:28: error: ac_nonexistent.h: No such file or directory
configure:3011: $? = 1
configure: failed program was:
| /* confdefs.h.  */
| #define PACKAGE_NAME "WCSLIB"
| #define PACKAGE_TARNAME "wcslib-4.4.4"
| #define PACKAGE_VERSION "4.4.4"
| #define PACKAGE_STRING "WCSLIB 4.4.4"
| #define PACKAGE_BUGREPORT "mcalabre@atnf.csiro.au"
| #define WCSLIB_VERSION 4.4.4
| /* end confdefs.h.  */
| #include <ac_nonexistent.h>
configure:3096: checking for gcc
configure:3123: result: gcc
configure:3361: checking for C compiler version
configure:3368: gcc --version >&5
gcc (GCC) 4.4.6 20110731 (Red Hat 4.4.6-3)
Copyright (C) 2010 Free Software Foundation, Inc.
This is free software; see the source for copying conditions.  There is NO
warranty; not even for MERCHANTABILITY or FITNESS FOR A PARTICULAR PURPOSE.

configure:3371: $? = 0
configure:3378: gcc -v >&5
Using built-in specs.
Target: x86_64-redhat-linux
Configured with: ../configure --prefix=/usr --mandir=/usr/share/man --infodir=/usr/share/info --with-bugurl=http://bugzilla.redhat.com/bugzilla --enable-bootstrap --enable-shared --enable-threads=posix --enable-checking=release --with-system-zlib --enable-__cxa_atexit --disable-libunwind-exceptions --enable-gnu-unique-object --enable-languages=c,c++,objc,obj-c++,java,fortran,ada --enable-java-awt=gtk --disable-dssi --with-java-home=/usr/lib/jvm/java-1.5.0-gcj-1.5.0.0/jre --enable-libgcj-multifile --enable-java-maintainer-mode --with-ecj-jar=/usr/share/java/eclipse-ecj.jar --disable-libjava-multilib --with-ppl --with-cloog --with-tune=generic --with-arch_32=i686 --build=x86_64-redhat-linux
Thread model: posix
gcc version 4.4.6 20110731 (Red Hat 4.4.6-3) (GCC) 
configure:3381: $? = 0
configure:3388: gcc -V >&5
gcc: '-V' option must have argument
configure:3391: $? = 1
configure:3394: checking whether we are using the GNU C compiler
configure:3446: result: yes
configure:3451: checking whether gcc accepts -g
configure:3586: result: yes
configure:3603: checking for gcc option to accept ISO C89
configure:3706: result: none needed
configure:3726: checking for gcc option to accept ISO C99
configure:3885: gcc  -c -g -O2  conftest.c >&5
conftest.c:59: error: expected ';', ',' or ')' before 'text'
conftest.c: In function 'main':
conftest.c:113: error: expected '=', ',', ';', 'asm' or '__attribute__' before 'newvar'
conftest.c:113: error: 'newvar' undeclared (first use in this function)
conftest.c:113: error: (Each undeclared identifier is reported only once
conftest.c:113: error: for each function it appears in.)
conftest.c:123: error: 'for' loop initial declarations are only allowed in C99 mode
conftest.c:123: note: use option -std=c99 or -std=gnu99 to compile your code
configure:3891: $? = 1
configure: failed program was:
| /* confdefs.h.  */
| #define PACKAGE_NAME "WCSLIB"
| #define PACKAGE_TARNAME "wcslib-4.4.4"
| #define PACKAGE_VERSION "4.4.4"
| #define PACKAGE_STRING "WCSLIB 4.4.4"
| #define PACKAGE_BUGREPORT "mcalabre@atnf.csiro.au"
| #define WCSLIB_VERSION 4.4.4
| /* end confdefs.h.  */
| #include <stdarg.h>
| #include <stdbool.h>
| #include <stdlib.h>
| #include <wchar.h>
| #include <stdio.h>
| 
| // Check varargs macros.  These examples are taken from C99 6.10.3.5.
| #define debug(...) fprintf (stderr, __VA_ARGS__)
| #define showlist(...) puts (#__VA_ARGS__)
| #define report(test,...) ((test) ? puts (#test) : printf (__VA_ARGS__))
| static void
| test_varargs_macros (void)
| {
|   int x = 1234;
|   int y = 5678;
|   debug ("Flag");
|   debug ("X = %d\n", x);
|   showlist (The first, second, and third items.);
|   report (x>y, "x is %d but y is %d", x, y);
| }
| 
| // Check long long types.
| #define BIG64 18446744073709551615ull
| #define BIG32 4294967295ul
| #define BIG_OK (BIG64 / BIG32 == 4294967297ull && BIG64 % BIG32 == 0)
| #if !BIG_OK
|   your preprocessor is broken;
| #endif
| #if BIG_OK
| #else
|   your preprocessor is broken;
| #endif
| static long long int bignum = -9223372036854775807LL;
| static unsigned long long int ubignum = BIG64;
| 
| struct incomplete_array
| {
|   int datasize;
|   double data[];
| };
| 
| struct named_init {
|   int number;
|   const wchar_t *name;
|   double average;
| };
| 
| typedef const char *ccp;
| 
| static inline int
| test_restrict (ccp restrict text)
| {
|   // See if C++-style comments work.
|   // Iterate through items via the restricted pointer.
|   // Also check for declarations in for loops.
|   for (unsigned int i = 0; *(text+i) != '\0'; ++i)
|     continue;
|   return 0;
| }
| 
| // Check varargs and va_copy.
| static void
| test_varargs (const char *format, ...)
| {
|   va_list args;
|   va_start (args, format);
|   va_list args_copy;
|   va_copy (args_copy, args);
| 
|   const char *str;
|   int number;
|   float fnumber;
| 
|   while (*format)
|     {
|       switch (*format++)
| 	{
| 	case 's': // string
| 	  str = va_arg (args_copy, const char *);
| 	  break;
| 	case 'd': // int
| 	  number = va_arg (args_copy, int);
| 	  break;
| 	case 'f': // float
| 	  fnumber = va_arg (args_copy, double);
| 	  break;
| 	default:
| 	  break;
| 	}
|     }
|   va_end (args_copy);
|   va_end (args);
| }
| 
| int
| main ()
| {
| 
|   // Check bool.
|   _Bool success = false;
| 
|   // Check restrict.
|   if (test_restrict ("String literal") == 0)
|     success = true;
|   char *restrict newvar = "Another string";
| 
|   // Check varargs.
|   test_varargs ("s, d' f .", "string", 65, 34.234);
|   test_varargs_macros ();
| 
|   // Check flexible array members.
|   struct incomplete_array *ia =
|     malloc (sizeof (struct incomplete_array) + (sizeof (double) * 10));
|   ia->datasize = 10;
|   for (int i = 0; i < ia->datasize; ++i)
|     ia->data[i] = i * 1.234;
| 
|   // Check named initializers.
|   struct named_init ni = {
|     .number = 34,
|     .name = L"Test wide string",
|     .average = 543.34343,
|   };
| 
|   ni.number = 58;
| 
|   int dynamic_array[ni.number];
|   dynamic_array[ni.number - 1] = 543;
| 
|   // work around unused variable warnings
|   return (!success || bignum == 0LL || ubignum == 0uLL || newvar[0] == 'x'
| 	  || dynamic_array[ni.number - 1] != 543);
| 
|   ;
|   return 0;
| }
configure:3885: gcc -std=gnu99 -c -g -O2  conftest.c >&5
configure:3891: $? = 0
configure:3921: result: -std=gnu99
configure:4051: checking for gcc -std=gnu99 option to accept ISO Standard C
configure:4062: result: -std=gnu99
configure:4068: checking for an ANSI C-conforming const
configure:4143: gcc -std=gnu99 -c -g -O2  conftest.c >&5
configure:4149: $? = 0
configure:4164: result: yes
configure:4175: checking for grep that handles long lines and -e
configure:4249: result: /bin/grep
configure:4254: checking for egrep
configure:4332: result: /bin/grep -E
configure:4337: checking for ANSI C header files
configure:4367: gcc -std=gnu99 -c -g -O2  conftest.c >&5
configure:4373: $? = 0
configure:4472: gcc -std=gnu99 -o conftest -g -O2   conftest.c  >&5
configure:4475: $? = 0
configure:4481: ./conftest
configure:4484: $? = 0
configure:4501: result: yes
configure:4525: checking for sys/types.h
configure:4546: gcc -std=gnu99 -c -g -O2  conftest.c >&5
configure:4552: $? = 0
configure:4568: result: yes
configure:4525: checking for sys/stat.h
configure:4546: gcc -std=gnu99 -c -g -O2  conftest.c >&5
configure:4552: $? = 0
configure:4568: result: yes
configure:4525: checking for stdlib.h
configure:4546: gcc -std=gnu99 -c -g -O2  conftest.c >&5
configure:4552: $? = 0
configure:4568: result: yes
configure:4525: checking for string.h
configure:4546: gcc -std=gnu99 -c -g -O2  conftest.c >&5
configure:4552: $? = 0
configure:4568: result: yes
configure:4525: checking for memory.h
configure:4546: gcc -std=gnu99 -c -g -O2  conftest.c >&5
configure:4552: $? = 0
configure:4568: result: yes
configure:4525: checking for strings.h
configure:4546: gcc -std=gnu99 -c -g -O2  conftest.c >&5
configure:4552: $? = 0
configure:4568: result: yes
configure:4525: checking for inttypes.h
configure:4546: gcc -std=gnu99 -c -g -O2  conftest.c >&5
configure:4552: $? = 0
configure:4568: result: yes
configure:4525: checking for stdint.h
configure:4546: gcc -std=gnu99 -c -g -O2  conftest.c >&5
configure:4552: $? = 0
configure:4568: result: yes
configure:4525: checking for unistd.h
configure:4546: gcc -std=gnu99 -c -g -O2  conftest.c >&5
configure:4552: $? = 0
configure:4568: result: yes
configure:4580: checking for size_t
configure:4610: gcc -std=gnu99 -c -g -O2  conftest.c >&5
configure:4616: $? = 0
configure:4631: result: yes
configure:4663: checking for off_t
configure:4693: gcc -std=gnu99 -c -g -O2  conftest.c >&5
configure:4699: $? = 0
configure:4714: result: yes
configure:4727: checking for int8_t
configure:4758: gcc -std=gnu99 -c -g -O2  conftest.c >&5
configure:4764: $? = 0
configure:4793: gcc -std=gnu99 -c -g -O2  conftest.c >&5
conftest.c: In function 'main':
conftest.c:56: error: size of array 'test_array' is negative
configure:4799: $? = 1
configure: failed program was:
| /* confdefs.h.  */
| #define PACKAGE_NAME "WCSLIB"
| #define PACKAGE_TARNAME "wcslib-4.4.4"
| #define PACKAGE_VERSION "4.4.4"
| #define PACKAGE_STRING "WCSLIB 4.4.4"
| #define PACKAGE_BUGREPORT "mcalabre@atnf.csiro.au"
| #define WCSLIB_VERSION 4.4.4
| #define STDC_HEADERS 1
| #define HAVE_SYS_TYPES_H 1
| #define HAVE_SYS_STAT_H 1
| #define HAVE_STDLIB_H 1
| #define HAVE_STRING_H 1
| #define HAVE_MEMORY_H 1
| #define HAVE_STRINGS_H 1
| #define HAVE_INTTYPES_H 1
| #define HAVE_STDINT_H 1
| #define HAVE_UNISTD_H 1
| /* end confdefs.h.  */
| #include <stdio.h>
| #ifdef HAVE_SYS_TYPES_H
| # include <sys/types.h>
| #endif
| #ifdef HAVE_SYS_STAT_H
| # include <sys/stat.h>
| #endif
| #ifdef STDC_HEADERS
| # include <stdlib.h>
| # include <stddef.h>
| #else
| # ifdef HAVE_STDLIB_H
| #  include <stdlib.h>
| # endif
| #endif
| #ifdef HAVE_STRING_H
| # if !defined STDC_HEADERS && defined HAVE_MEMORY_H
| #  include <memory.h>
| # endif
| # include <string.h>
| #endif
| #ifdef HAVE_STRINGS_H
| # include <strings.h>
| #endif
| #ifdef HAVE_INTTYPES_H
| # include <inttypes.h>
| #endif
| #ifdef HAVE_STDINT_H
| # include <stdint.h>
| #endif
| #ifdef HAVE_UNISTD_H
| # include <unistd.h>
| #endif
| int
| main ()
| {
| static int test_array [1 - 2 * !((int8_t) ((((int8_t) 1 << (8 - 2)) - 1) * 2 + 1)
| 	         < (int8_t) ((((int8_t) 1 << (8 - 2)) - 1) * 2 + 2))];
| test_array [0] = 0
| 
|   ;
|   return 0;
| }
configure:4828: result: yes
configure:4841: checking for int16_t
configure:4872: gcc -std=gnu99 -c -g -O2  conftest.c >&5
configure:4878: $? = 0
configure:4907: gcc -std=gnu99 -c -g -O2  conftest.c >&5
conftest.c: In function 'main':
conftest.c:56: error: size of array 'test_array' is negative
configure:4913: $? = 1
configure: failed program was:
| /* confdefs.h.  */
| #define PACKAGE_NAME "WCSLIB"
| #define PACKAGE_TARNAME "wcslib-4.4.4"
| #define PACKAGE_VERSION "4.4.4"
| #define PACKAGE_STRING "WCSLIB 4.4.4"
| #define PACKAGE_BUGREPORT "mcalabre@atnf.csiro.au"
| #define WCSLIB_VERSION 4.4.4
| #define STDC_HEADERS 1
| #define HAVE_SYS_TYPES_H 1
| #define HAVE_SYS_STAT_H 1
| #define HAVE_STDLIB_H 1
| #define HAVE_STRING_H 1
| #define HAVE_MEMORY_H 1
| #define HAVE_STRINGS_H 1
| #define HAVE_INTTYPES_H 1
| #define HAVE_STDINT_H 1
| #define HAVE_UNISTD_H 1
| /* end confdefs.h.  */
| #include <stdio.h>
| #ifdef HAVE_SYS_TYPES_H
| # include <sys/types.h>
| #endif
| #ifdef HAVE_SYS_STAT_H
| # include <sys/stat.h>
| #endif
| #ifdef STDC_HEADERS
| # include <stdlib.h>
| # include <stddef.h>
| #else
| # ifdef HAVE_STDLIB_H
| #  include <stdlib.h>
| # endif
| #endif
| #ifdef HAVE_STRING_H
| # if !defined STDC_HEADERS && defined HAVE_MEMORY_H
| #  include <memory.h>
| # endif
| # include <string.h>
| #endif
| #ifdef HAVE_STRINGS_H
| # include <strings.h>
| #endif
| #ifdef HAVE_INTTYPES_H
| # include <inttypes.h>
| #endif
| #ifdef HAVE_STDINT_H
| # include <stdint.h>
| #endif
| #ifdef HAVE_UNISTD_H
| # include <unistd.h>
| #endif
| int
| main ()
| {
| static int test_array [1 - 2 * !((int16_t) ((((int16_t) 1 << (16 - 2)) - 1) * 2 + 1)
| 	         < (int16_t) ((((int16_t) 1 << (16 - 2)) - 1) * 2 + 2))];
| test_array [0] = 0
| 
|   ;
|   return 0;
| }
configure:4942: result: yes
configure:4955: checking for int32_t
configure:4986: gcc -std=gnu99 -c -g -O2  conftest.c >&5
configure:4992: $? = 0
configure:5021: gcc -std=gnu99 -c -g -O2  conftest.c >&5
conftest.c: In function 'main':
conftest.c:56: warning: integer overflow in expression
conftest.c:56: error: size of array 'test_array' is negative
configure:5027: $? = 1
configure: failed program was:
| /* confdefs.h.  */
| #define PACKAGE_NAME "WCSLIB"
| #define PACKAGE_TARNAME "wcslib-4.4.4"
| #define PACKAGE_VERSION "4.4.4"
| #define PACKAGE_STRING "WCSLIB 4.4.4"
| #define PACKAGE_BUGREPORT "mcalabre@atnf.csiro.au"
| #define WCSLIB_VERSION 4.4.4
| #define STDC_HEADERS 1
| #define HAVE_SYS_TYPES_H 1
| #define HAVE_SYS_STAT_H 1
| #define HAVE_STDLIB_H 1
| #define HAVE_STRING_H 1
| #define HAVE_MEMORY_H 1
| #define HAVE_STRINGS_H 1
| #define HAVE_INTTYPES_H 1
| #define HAVE_STDINT_H 1
| #define HAVE_UNISTD_H 1
| /* end confdefs.h.  */
| #include <stdio.h>
| #ifdef HAVE_SYS_TYPES_H
| # include <sys/types.h>
| #endif
| #ifdef HAVE_SYS_STAT_H
| # include <sys/stat.h>
| #endif
| #ifdef STDC_HEADERS
| # include <stdlib.h>
| # include <stddef.h>
| #else
| # ifdef HAVE_STDLIB_H
| #  include <stdlib.h>
| # endif
| #endif
| #ifdef HAVE_STRING_H
| # if !defined STDC_HEADERS && defined HAVE_MEMORY_H
| #  include <memory.h>
| # endif
| # include <string.h>
| #endif
| #ifdef HAVE_STRINGS_H
| # include <strings.h>
| #endif
| #ifdef HAVE_INTTYPES_H
| # include <inttypes.h>
| #endif
| #ifdef HAVE_STDINT_H
| # include <stdint.h>
| #endif
| #ifdef HAVE_UNISTD_H
| # include <unistd.h>
| #endif
| int
| main ()
| {
| static int test_array [1 - 2 * !((int32_t) ((((int32_t) 1 << (32 - 2)) - 1) * 2 + 1)
| 	         < (int32_t) ((((int32_t) 1 << (32 - 2)) - 1) * 2 + 2))];
| test_array [0] = 0
| 
|   ;
|   return 0;
| }
configure:5056: result: yes
configure:5069: checking for uint8_t
configure:5100: gcc -std=gnu99 -c -g -O2  conftest.c >&5
configure:5106: $? = 0
configure:5127: result: yes
configure:5145: checking for uint16_t
configure:5176: gcc -std=gnu99 -c -g -O2  conftest.c >&5
configure:5182: $? = 0
configure:5203: result: yes
configure:5217: checking for uint32_t
configure:5248: gcc -std=gnu99 -c -g -O2  conftest.c >&5
configure:5254: $? = 0
configure:5275: result: yes
configure:5294: checking for ANSI C header files
configure:5458: result: yes
configure:5491: checking ctype.h usability
configure:5508: gcc -std=gnu99 -c -g -O2  conftest.c >&5
configure:5514: $? = 0
configure:5528: result: yes
configure:5532: checking ctype.h presence
configure:5547: gcc -E  conftest.c
configure:5553: $? = 0
configure:5567: result: yes
configure:5600: checking for ctype.h
configure:5608: result: yes
configure:5491: checking errno.h usability
configure:5508: gcc -std=gnu99 -c -g -O2  conftest.c >&5
configure:5514: $? = 0
configure:5528: result: yes
configure:5532: checking errno.h presence
configure:5547: gcc -E  conftest.c
configure:5553: $? = 0
configure:5567: result: yes
configure:5600: checking for errno.h
configure:5608: result: yes
configure:5491: checking limits.h usability
configure:5508: gcc -std=gnu99 -c -g -O2  conftest.c >&5
configure:5514: $? = 0
configure:5528: result: yes
configure:5532: checking limits.h presence
configure:5547: gcc -E  conftest.c
configure:5553: $? = 0
configure:5567: result: yes
configure:5600: checking for limits.h
configure:5608: result: yes
configure:5491: checking math.h usability
configure:5508: gcc -std=gnu99 -c -g -O2  conftest.c >&5
configure:5514: $? = 0
configure:5528: result: yes
configure:5532: checking math.h presence
configure:5547: gcc -E  conftest.c
configure:5553: $? = 0
configure:5567: result: yes
configure:5600: checking for math.h
configure:5608: result: yes
configure:5491: checking setjmp.h usability
configure:5508: gcc -std=gnu99 -c -g -O2  conftest.c >&5
configure:5514: $? = 0
configure:5528: result: yes
configure:5532: checking setjmp.h presence
configure:5547: gcc -E  conftest.c
configure:5553: $? = 0
configure:5567: result: yes
configure:5600: checking for setjmp.h
configure:5608: result: yes
configure:5491: checking stdio.h usability
configure:5508: gcc -std=gnu99 -c -g -O2  conftest.c >&5
configure:5514: $? = 0
configure:5528: result: yes
configure:5532: checking stdio.h presence
configure:5547: gcc -E  conftest.c
configure:5553: $? = 0
configure:5567: result: yes
configure:5600: checking for stdio.h
configure:5608: result: yes
configure:5481: checking for stdlib.h
configure:5487: result: yes
configure:5481: checking for string.h
configure:5487: result: yes
configure:5642: checking for floor in -lm
configure:5677: gcc -std=gnu99 -o conftest -g -O2   conftest.c -lm   >&5
conftest.c:35: warning: conflicting types for built-in function 'floor'
configure:5683: $? = 0
configure:5701: result: yes
configure:5712: checking for _LARGEFILE_SOURCE value needed for large files
configure:5739: gcc -std=gnu99 -o conftest -g -O2   conftest.c -lm  >&5
configure:5745: $? = 0
configure:5809: result: no
configure:5837: checking for stdlib.h
configure:5843: result: yes
configure:5977: checking for GNU libc compatible malloc
configure:6011: gcc -std=gnu99 -o conftest -g -O2   conftest.c -lm  >&5
configure:6014: $? = 0
configure:6020: ./conftest
configure:6023: $? = 0
configure:6039: result: yes
configure:6072: checking for stdlib.h
configure:6078: result: yes
configure:6212: checking for GNU libc compatible realloc
configure:6246: gcc -std=gnu99 -o conftest -g -O2   conftest.c -lm  >&5
configure:6249: $? = 0
configure:6255: ./conftest
configure:6258: $? = 0
configure:6274: result: yes
configure:6302: checking for function prototypes
configure:6305: result: yes
configure:6322: checking whether setvbuf arguments are reversed
configure:6352: gcc -std=gnu99 -o conftest -g -O2   conftest.c -lm  >&5
conftest.c:38: error: conflicting types for 'setvbuf'
/usr/include/stdio.h:335: note: previous declaration of 'setvbuf' was here
configure:6358: $? = 1
configure: failed program was:
| /* confdefs.h.  */
| #define PACKAGE_NAME "WCSLIB"
| #define PACKAGE_TARNAME "wcslib-4.4.4"
| #define PACKAGE_VERSION "4.4.4"
| #define PACKAGE_STRING "WCSLIB 4.4.4"
| #define PACKAGE_BUGREPORT "mcalabre@atnf.csiro.au"
| #define WCSLIB_VERSION 4.4.4
| #define STDC_HEADERS 1
| #define HAVE_SYS_TYPES_H 1
| #define HAVE_SYS_STAT_H 1
| #define HAVE_STDLIB_H 1
| #define HAVE_STRING_H 1
| #define HAVE_MEMORY_H 1
| #define HAVE_STRINGS_H 1
| #define HAVE_INTTYPES_H 1
| #define HAVE_STDINT_H 1
| #define HAVE_UNISTD_H 1
| #define STDC_HEADERS 1
| #define HAVE_CTYPE_H 1
| #define HAVE_ERRNO_H 1
| #define HAVE_LIMITS_H 1
| #define HAVE_MATH_H 1
| #define HAVE_SETJMP_H 1
| #define HAVE_STDIO_H 1
| #define HAVE_STDLIB_H 1
| #define HAVE_STRING_H 1
| #define HAVE_LIBM 1
| #define HAVE_FSEEKO 1
| #define HAVE_STDLIB_H 1
| #define HAVE_MALLOC 1
| #define HAVE_STDLIB_H 1
| #define HAVE_REALLOC 1
| #define PROTOTYPES 1
| #define __PROTOTYPES 1
| /* end confdefs.h.  */
| #include <stdio.h>
| #	  ifdef PROTOTYPES
| 	   int (setvbuf) (FILE *, int, char *, size_t);
| #	  endif
| int
| main ()
| {
| char buf; return setvbuf (stdout, _IOLBF, &buf, 1);
|   ;
|   return 0;
| }
configure:6479: result: no
configure:6489: checking whether lstat dereferences a symlink specified with a trailing slash
configure:6525: gcc -std=gnu99 -o conftest -g -O2   conftest.c -lm  >&5
configure:6528: $? = 0
configure:6534: ./conftest
configure:6537: $? = 0
configure:6560: result: yes
configure:6579: checking whether stat accepts an empty string
configure:6609: gcc -std=gnu99 -o conftest -g -O2   conftest.c -lm  >&5
configure:6612: $? = 0
configure:6618: ./conftest
configure:6621: $? = 0
configure:6637: result: no
configure:6662: checking for floor
configure:6718: gcc -std=gnu99 -o conftest -g -O2   conftest.c -lm  >&5
conftest.c:60: warning: conflicting types for built-in function 'floor'
configure:6724: $? = 0
configure:6742: result: yes
configure:6662: checking for memset
configure:6718: gcc -std=gnu99 -o conftest -g -O2   conftest.c -lm  >&5
conftest.c:61: warning: conflicting types for built-in function 'memset'
configure:6724: $? = 0
configure:6742: result: yes
configure:6662: checking for pow
configure:6718: gcc -std=gnu99 -o conftest -g -O2   conftest.c -lm  >&5
conftest.c:62: warning: conflicting types for built-in function 'pow'
configure:6724: $? = 0
configure:6742: result: yes
configure:6662: checking for sqrt
configure:6718: gcc -std=gnu99 -o conftest -g -O2   conftest.c -lm  >&5
conftest.c:63: warning: conflicting types for built-in function 'sqrt'
configure:6724: $? = 0
configure:6742: result: yes
configure:6662: checking for strchr
configure:6718: gcc -std=gnu99 -o conftest -g -O2   conftest.c -lm  >&5
conftest.c:64: warning: conflicting types for built-in function 'strchr'
configure:6724: $? = 0
configure:6742: result: yes
configure:6662: checking for strstr
configure:6718: gcc -std=gnu99 -o conftest -g -O2   conftest.c -lm  >&5
conftest.c:65: warning: conflicting types for built-in function 'strstr'
configure:6724: $? = 0
configure:6742: result: yes
configure:6755: checking for cosd in -lsunmath
configure:6790: gcc -std=gnu99 -o conftest -g -O2   conftest.c -lsunmath  -lm  >&5
/usr/bin/ld: cannot find -lsunmath
collect2: ld returned 1 exit status
configure:6796: $? = 1
configure: failed program was:
| /* confdefs.h.  */
| #define PACKAGE_NAME "WCSLIB"
| #define PACKAGE_TARNAME "wcslib-4.4.4"
| #define PACKAGE_VERSION "4.4.4"
| #define PACKAGE_STRING "WCSLIB 4.4.4"
| #define PACKAGE_BUGREPORT "mcalabre@atnf.csiro.au"
| #define WCSLIB_VERSION 4.4.4
| #define STDC_HEADERS 1
| #define HAVE_SYS_TYPES_H 1
| #define HAVE_SYS_STAT_H 1
| #define HAVE_STDLIB_H 1
| #define HAVE_STRING_H 1
| #define HAVE_MEMORY_H 1
| #define HAVE_STRINGS_H 1
| #define HAVE_INTTYPES_H 1
| #define HAVE_STDINT_H 1
| #define HAVE_UNISTD_H 1
| #define STDC_HEADERS 1
| #define HAVE_CTYPE_H 1
| #define HAVE_ERRNO_H 1
| #define HAVE_LIMITS_H 1
| #define HAVE_MATH_H 1
| #define HAVE_SETJMP_H 1
| #define HAVE_STDIO_H 1
| #define HAVE_STDLIB_H 1
| #define HAVE_STRING_H 1
| #define HAVE_LIBM 1
| #define HAVE_FSEEKO 1
| #define HAVE_STDLIB_H 1
| #define HAVE_MALLOC 1
| #define HAVE_STDLIB_H 1
| #define HAVE_REALLOC 1
| #define PROTOTYPES 1
| #define __PROTOTYPES 1
| #define LSTAT_FOLLOWS_SLASHED_SYMLINK 1
| #define HAVE_FLOOR 1
| #define HAVE_MEMSET 1
| #define HAVE_POW 1
| #define HAVE_SQRT 1
| #define HAVE_STRCHR 1
| #define HAVE_STRSTR 1
| /* end confdefs.h.  */
| 
| /* Override any GCC internal prototype to avoid an error.
|    Use char because int might match the return type of a GCC
|    builtin and then its argument prototype would still apply.  */
| #ifdef __cplusplus
| extern "C"
| #endif
| char cosd ();
| int
| main ()
| {
| return cosd ();
|   ;
|   return 0;
| }
configure:6814: result: no
configure:6825: checking for int
configure:6855: gcc -std=gnu99 -c -g -O2  conftest.c >&5
configure:6861: $? = 0
configure:6876: result: yes
configure:6883: checking size of int
configure:7185: gcc -std=gnu99 -o conftest -g -O2   conftest.c -lm  >&5
configure:7188: $? = 0
configure:7194: ./conftest
configure:7197: $? = 0
configure:7220: result: 4
configure:7230: checking for long int
configure:7260: gcc -std=gnu99 -c -g -O2  conftest.c >&5
configure:7266: $? = 0
configure:7281: result: yes
configure:7288: checking size of long int
configure:7590: gcc -std=gnu99 -o conftest -g -O2   conftest.c -lm  >&5
configure:7593: $? = 0
configure:7599: ./conftest
configure:7602: $? = 0
configure:7625: result: 8
configure:7635: checking for long long int
configure:7665: gcc -std=gnu99 -c -g -O2  conftest.c >&5
configure:7671: $? = 0
configure:7686: result: yes
configure:7693: checking size of long long int
configure:7995: gcc -std=gnu99 -o conftest -g -O2   conftest.c -lm  >&5
configure:7998: $? = 0
configure:8004: ./conftest
configure:8007: $? = 0
configure:8030: result: 8
configure:8068: checking for printf z format modifier for size_t type
configure:8105: gcc -std=gnu99 -o conftest -g -O2   conftest.c -lm  >&5
configure:8108: $? = 0
configure:8114: ./conftest
configure:8117: $? = 0
configure:8124: result: yes
configure:8166: WARNING: Compilation of Fortran wrappers and PGSBOX disabled
configure:9358: checking for printf$LDBLStub in -lSystemStubs
configure:9401: gcc -std=gnu99 -o conftest -g -O2   conftest.c -lSystemStubs  -lm  >&5
/usr/bin/ld: cannot find -lSystemStubs
collect2: ld returned 1 exit status
configure:9407: $? = 1
configure: failed program was:
| /* confdefs.h.  */
| #define PACKAGE_NAME "WCSLIB"
| #define PACKAGE_TARNAME "wcslib-4.4.4"
| #define PACKAGE_VERSION "4.4.4"
| #define PACKAGE_STRING "WCSLIB 4.4.4"
| #define PACKAGE_BUGREPORT "mcalabre@atnf.csiro.au"
| #define WCSLIB_VERSION 4.4.4
| #define STDC_HEADERS 1
| #define HAVE_SYS_TYPES_H 1
| #define HAVE_SYS_STAT_H 1
| #define HAVE_STDLIB_H 1
| #define HAVE_STRING_H 1
| #define HAVE_MEMORY_H 1
| #define HAVE_STRINGS_H 1
| #define HAVE_INTTYPES_H 1
| #define HAVE_STDINT_H 1
| #define HAVE_UNISTD_H 1
| #define STDC_HEADERS 1
| #define HAVE_CTYPE_H 1
| #define HAVE_ERRNO_H 1
| #define HAVE_LIMITS_H 1
| #define HAVE_MATH_H 1
| #define HAVE_SETJMP_H 1
| #define HAVE_STDIO_H 1
| #define HAVE_STDLIB_H 1
| #define HAVE_STRING_H 1
| #define HAVE_LIBM 1
| #define HAVE_FSEEKO 1
| #define HAVE_STDLIB_H 1
| #define HAVE_MALLOC 1
| #define HAVE_STDLIB_H 1
| #define HAVE_REALLOC 1
| #define PROTOTYPES 1
| #define __PROTOTYPES 1
| #define LSTAT_FOLLOWS_SLASHED_SYMLINK 1
| #define HAVE_FLOOR 1
| #define HAVE_MEMSET 1
| #define HAVE_POW 1
| #define HAVE_SQRT 1
| #define HAVE_STRCHR 1
| #define HAVE_STRSTR 1
| #define SIZEOF_INT 4
| #define SIZEOF_LONG_INT 8
| #define SIZEOF_LONG_LONG_INT 8
| #define WCSLIB_INT64 long long int
| #define MODZ "z"
| /* end confdefs.h.  */
| 
| /* Override any GCC internal prototype to avoid an error.
|    Use char because int might match the return type of a GCC
|    builtin and then its argument prototype would still apply.  */
| #ifdef __cplusplus
| extern "C"
| #endif
| char printf$LDBLStub ();
| #ifdef F77_DUMMY_MAIN
| 
| #  ifdef __cplusplus
|      extern "C"
| #  endif
|    int F77_DUMMY_MAIN() { return 1; }
| 
| #endif
| int
| main ()
| {
| return printf$LDBLStub ();
|   ;
|   return 0;
| }
configure:9426: result: no
configure:9480: checking for ranlib
configure:9496: found /usr/bin/ranlib
configure:9507: result: ranlib
configure:9578: checking whether ln -s works
configure:9582: result: yes
configure:9602: checking for a BSD-compatible install
configure:9658: result: /usr/bin/install -c
configure:9671: End of primary configuration.

configure:9678: Looking for libraries etc. for utilities and test suite...
configure:9693: WARNING: Compilation of WCS utilities disabled
configure:9704: checking for unistd.h
configure:9710: result: yes
configure:9846: checking for _LARGEFILE_SOURCE value needed for large files
configure:9959: result: no
configure:9989: checking for special C compiler options needed for large files
configure:10090: result: no
configure:10096: checking for _FILE_OFFSET_BITS value needed for large files
configure:10139: gcc -std=gnu99 -c -g -O2  conftest.c >&5
configure:10145: $? = 0
configure:10221: result: no
configure:10385: WARNING: CFITSIO disabled
configure:10420: WARNING: PGPLOT disabled
configure:11794: End of auxiliary configuration.

configure:11800: Configuring files...
configure:11906: creating ./config.status

## ---------------------- ##
## Running config.status. ##
## ---------------------- ##

This file was extended by WCSLIB config.status 4.4.4, which was
generated by GNU Autoconf 2.61.  Invocation command line was

  CONFIG_FILES    = 
  CONFIG_HEADERS  = 
  CONFIG_LINKS    = 
  CONFIG_COMMANDS = 
  $ ./config.status 

on xen

config.status:625: creating makedefs
config.status:625: creating wcslib.pc
config.status:625: creating wcsconfig.h
config.status:625: creating wcsconfig_f77.h
config.status:625: creating wcsconfig_tests.h
config.status:625: creating wcsconfig_utils.h

## ---------------- ##
## Cache variables. ##
## ---------------- ##

ac_cv_build=x86_64-unknown-linux-gnu
ac_cv_c_compiler_gnu=yes
ac_cv_c_const=yes
ac_cv_c_int16_t=yes
ac_cv_c_int32_t=yes
ac_cv_c_int8_t=yes
ac_cv_c_uint16_t=yes
ac_cv_c_uint32_t=yes
ac_cv_c_uint8_t=yes
ac_cv_env_CC_set=set
ac_cv_env_CC_value=gcc
ac_cv_env_CFLAGS_set=
ac_cv_env_CFLAGS_value=
ac_cv_env_CPPFLAGS_set=
ac_cv_env_CPPFLAGS_value=
ac_cv_env_CPP_set=
ac_cv_env_CPP_value=
ac_cv_env_F77_set=
ac_cv_env_F77_value=
ac_cv_env_FFLAGS_set=
ac_cv_env_FFLAGS_value=
ac_cv_env_LDFLAGS_set=
ac_cv_env_LDFLAGS_value=
ac_cv_env_LIBS_set=
ac_cv_env_LIBS_value=
ac_cv_env_XMKMF_set=
ac_cv_env_XMKMF_value=
ac_cv_env_build_alias_set=
ac_cv_env_build_alias_value=
ac_cv_env_host_alias_set=
ac_cv_env_host_alias_value=
ac_cv_env_target_alias_set=
ac_cv_env_target_alias_value=
ac_cv_func_floor=yes
ac_cv_func_lstat_dereferences_slashed_symlink=yes
ac_cv_func_malloc_0_nonnull=yes
ac_cv_func_memset=yes
ac_cv_func_pow=yes
ac_cv_func_realloc_0_nonnull=yes
ac_cv_func_setvbuf_reversed=no
ac_cv_func_sqrt=yes
ac_cv_func_stat_empty_string_bug=no
ac_cv_func_strchr=yes
ac_cv_func_strstr=yes
ac_cv_header_ctype_h=yes
ac_cv_header_errno_h=yes
ac_cv_header_inttypes_h=yes
ac_cv_header_limits_h=yes
ac_cv_header_math_h=yes
ac_cv_header_memory_h=yes
ac_cv_header_setjmp_h=yes
ac_cv_header_stdc=yes
ac_cv_header_stdint_h=yes
ac_cv_header_stdio_h=yes
ac_cv_header_stdlib_h=yes
ac_cv_header_string_h=yes
ac_cv_header_strings_h=yes
ac_cv_header_sys_stat_h=yes
ac_cv_header_sys_types_h=yes
ac_cv_header_unistd_h=yes
ac_cv_lib_SystemStubs_printf=no
ac_cv_lib_m_floor=yes
ac_cv_lib_sunmath_cosd=no
ac_cv_objext=o
ac_cv_path_EGREP='/bin/grep -E'
ac_cv_path_GREP=/bin/grep
ac_cv_path_install='/usr/bin/install -c'
ac_cv_prog_CPP='gcc -E'
ac_cv_prog_FLEX=flex
ac_cv_prog_ac_ct_CC=gcc
ac_cv_prog_ac_ct_RANLIB=ranlib
ac_cv_prog_cc_c89=
ac_cv_prog_cc_c99=-std=gnu99
ac_cv_prog_cc_g=yes
ac_cv_prog_cc_stdc=-std=gnu99
ac_cv_sizeof_int=4
ac_cv_sizeof_long_int=8
ac_cv_sizeof_long_long_int=8
ac_cv_sys_file_offset_bits=no
ac_cv_sys_largefile_CC=no
ac_cv_sys_largefile_source=no
ac_cv_type_int=yes
ac_cv_type_long_int=yes
ac_cv_type_long_long_int=yes
ac_cv_type_off_t=yes
ac_cv_type_size_t=yes

## ----------------- ##
## Output variables. ##
## ----------------- ##

ARCH='x86_64-linux-gnu'
CC='gcc -std=gnu99'
CFITSIOINC=''
CFITSIOLIB=''
CFLAGS='-g -O2'
CPP='gcc -E'
CPPFLAGS=''
DEFS='-DHAVE_CONFIG_H'
ECHO_C=''
ECHO_N='-n'
ECHO_T=''
EGREP='/bin/grep -E'
EXEEXT=''
F77=''
FFLAGS=''
FLEX='flex'
FLIBS=''
GETWCSTAB=''
GREP='/bin/grep'
INSTALL_DATA='${INSTALL} -m 644'
INSTALL_PROGRAM='${INSTALL}'
INSTALL_SCRIPT='${INSTALL}'
INSTDIR='C'
LDFLAGS=''
LIBOBJS=''
LIBS='-lm '
LN_S='ln -s'
LTLIBOBJS=''
OBJEXT='o'
PACKAGE_BUGREPORT='mcalabre@atnf.csiro.au'
PACKAGE_NAME='WCSLIB'
PACKAGE_STRING='WCSLIB 4.4.4'
PACKAGE_TARNAME='wcslib-4.4.4'
PACKAGE_VERSION='4.4.4'
PATH_SEPARATOR=':'
PGPLOTINC=''
PGPLOTLIB=''
RANLIB='ranlib'
SHELL='/bin/sh'
SHRFLAGS='-g -O2 -fPIC'
SHRLD='$(CC) $(SHRFLAGS) -shared -Wl,-h$(SHRLIB)'
SHRLIB='libwcs-4.4.4.so'
SHRLN='libwcs.so'
SHRSFX=''
SUBDIRS='C'
TSTDIRS='C'
XMKMF=''
ac_ct_CC='gcc'
ac_ct_F77=''
bindir='${exec_prefix}/bin'
build='x86_64-unknown-linux-gnu'
build_alias=''
build_cpu='x86_64'
build_os='linux-gnu'
build_vendor='unknown'
datadir='${datarootdir}'
datarootdir='${prefix}/share'
docdir='${datarootdir}/doc/${PACKAGE_TARNAME}'
dvidir='${docdir}'
exec_prefix='/Home/xtelab/dhon/jul2012/AstroH_B01/headas/heacore/x86_64-unknown-linux-gnu-libc2.12'
host_alias=''
htmldir='${docdir}'
includedir='${prefix}/include'
infodir='${datarootdir}/info'
libdir='${exec_prefix}/lib'
libexecdir='${exec_prefix}/libexec'
localedir='${datarootdir}/locale'
localstatedir='${prefix}/var'
mandir='${datarootdir}/man'
oldincludedir='/usr/include'
pdfdir='${docdir}'
prefix='/Home/xtelab/dhon/jul2012/AstroH_B01/headas/heacore/x86_64-unknown-linux-gnu-libc2.12'
program_transform_name='s,x,x,'
psdir='${docdir}'
sbindir='${exec_prefix}/sbin'
sharedstatedir='${prefix}/com'
sysconfdir='${prefix}/etc'
target_alias=''

## ----------- ##
## confdefs.h. ##
## ----------- ##

#define PACKAGE_NAME "WCSLIB"
#define PACKAGE_TARNAME "wcslib-4.4.4"
#define PACKAGE_VERSION "4.4.4"
#define PACKAGE_STRING "WCSLIB 4.4.4"
#define PACKAGE_BUGREPORT "mcalabre@atnf.csiro.au"
#define WCSLIB_VERSION 4.4.4
#define STDC_HEADERS 1
#define HAVE_SYS_TYPES_H 1
#define HAVE_SYS_STAT_H 1
#define HAVE_STDLIB_H 1
#define HAVE_STRING_H 1
#define HAVE_MEMORY_H 1
#define HAVE_STRINGS_H 1
#define HAVE_INTTYPES_H 1
#define HAVE_STDINT_H 1
#define HAVE_UNISTD_H 1
#define STDC_HEADERS 1
#define HAVE_CTYPE_H 1
#define HAVE_ERRNO_H 1
#define HAVE_LIMITS_H 1
#define HAVE_MATH_H 1
#define HAVE_SETJMP_H 1
#define HAVE_STDIO_H 1
#define HAVE_STDLIB_H 1
#define HAVE_STRING_H 1
#define HAVE_LIBM 1
#define HAVE_FSEEKO 1
#define HAVE_STDLIB_H 1
#define HAVE_MALLOC 1
#define HAVE_STDLIB_H 1
#define HAVE_REALLOC 1
#define PROTOTYPES 1
#define __PROTOTYPES 1
#define LSTAT_FOLLOWS_SLASHED_SYMLINK 1
#define HAVE_FLOOR 1
#define HAVE_MEMSET 1
#define HAVE_POW 1
#define HAVE_SQRT 1
#define HAVE_STRCHR 1
#define HAVE_STRSTR 1
#define SIZEOF_INT 4
#define SIZEOF_LONG_INT 8
#define SIZEOF_LONG_LONG_INT 8
#define WCSLIB_INT64 long long int
#define MODZ "z"
#define HAVE_UNISTD_H 1
#define HAVE_FSEEKO 1

configure: exit 0
